  lab6.cpp
d:\study\discrete structures\lab6\lab6.cpp(25): error C3861: printf: идентификатор не найден
d:\study\discrete structures\lab6\lab6.cpp(27): error C3861: printf: идентификатор не найден
